[14-Sep-2025 16:23:50 UTC] Automatic updates starting...
[14-Sep-2025 16:23:53 UTC] Automatic updates complete.
[15-Sep-2025 04:35:21 UTC] Automatic updates starting...
[15-Sep-2025 04:35:23 UTC] Automatic updates complete.
[15-Sep-2025 15:35:09 UTC] PHP Warning:  Undefined variable $idtab in /Users/woyz/Desktop/Kunkunshop/wp-content/themes/Kunshop/template-parts/components/paginations/pagination-ajax.php on line 6
[15-Sep-2025 15:35:09 UTC] PHP Warning:  Undefined variable $idtab in /Users/woyz/Desktop/Kunkunshop/wp-content/themes/Kunshop/template-parts/components/paginations/pagination-ajax.php on line 7
[15-Sep-2025 15:35:09 UTC] PHP Warning:  Undefined variable $idtab in /Users/woyz/Desktop/Kunkunshop/wp-content/themes/Kunshop/template-parts/components/paginations/pagination-ajax.php on line 7
[15-Sep-2025 15:35:09 UTC] PHP Warning:  Undefined variable $idtab in /Users/woyz/Desktop/Kunkunshop/wp-content/themes/Kunshop/template-parts/components/paginations/pagination-ajax.php on line 8
[15-Sep-2025 15:35:09 UTC] PHP Warning:  Undefined variable $idtab in /Users/woyz/Desktop/Kunkunshop/wp-content/themes/Kunshop/template-parts/components/paginations/pagination-ajax.php on line 8
[15-Sep-2025 15:35:09 UTC] PHP Warning:  Undefined variable $idtab in /Users/woyz/Desktop/Kunkunshop/wp-content/themes/Kunshop/template-parts/components/paginations/pagination-ajax.php on line 9
[15-Sep-2025 15:35:09 UTC] PHP Warning:  Undefined variable $idtab in /Users/woyz/Desktop/Kunkunshop/wp-content/themes/Kunshop/template-parts/components/paginations/pagination-ajax.php on line 9
[15-Sep-2025 15:35:09 UTC] PHP Warning:  Undefined variable $total_pages in /Users/woyz/Desktop/Kunkunshop/wp-content/themes/Kunshop/template-parts/components/paginations/pagination-ajax.php on line 9
[15-Sep-2025 15:35:09 UTC] PHP Warning:  Undefined variable $idtab in /Users/woyz/Desktop/Kunkunshop/wp-content/themes/Kunshop/template-parts/components/paginations/pagination-ajax.php on line 10
[15-Sep-2025 15:35:09 UTC] PHP Warning:  Undefined variable $idtab in /Users/woyz/Desktop/Kunkunshop/wp-content/themes/Kunshop/template-parts/components/paginations/pagination-ajax.php on line 10
[15-Sep-2025 15:35:09 UTC] PHP Warning:  Undefined variable $category_id in /Users/woyz/Desktop/Kunkunshop/wp-content/themes/Kunshop/template-parts/components/paginations/pagination-ajax.php on line 10
[15-Sep-2025 15:41:02 UTC] PHP Warning:  Undefined variable $idtab in /Users/woyz/Desktop/Kunkunshop/wp-content/themes/Kunshop/template-parts/components/paginations/pagination-ajax.php on line 6
[15-Sep-2025 15:41:02 UTC] PHP Warning:  Undefined variable $idtab in /Users/woyz/Desktop/Kunkunshop/wp-content/themes/Kunshop/template-parts/components/paginations/pagination-ajax.php on line 7
[15-Sep-2025 15:41:02 UTC] PHP Warning:  Undefined variable $idtab in /Users/woyz/Desktop/Kunkunshop/wp-content/themes/Kunshop/template-parts/components/paginations/pagination-ajax.php on line 7
[15-Sep-2025 15:41:02 UTC] PHP Warning:  Undefined variable $idtab in /Users/woyz/Desktop/Kunkunshop/wp-content/themes/Kunshop/template-parts/components/paginations/pagination-ajax.php on line 8
[15-Sep-2025 15:41:02 UTC] PHP Warning:  Undefined variable $idtab in /Users/woyz/Desktop/Kunkunshop/wp-content/themes/Kunshop/template-parts/components/paginations/pagination-ajax.php on line 8
[15-Sep-2025 15:41:02 UTC] PHP Warning:  Undefined variable $idtab in /Users/woyz/Desktop/Kunkunshop/wp-content/themes/Kunshop/template-parts/components/paginations/pagination-ajax.php on line 9
[15-Sep-2025 15:41:02 UTC] PHP Warning:  Undefined variable $idtab in /Users/woyz/Desktop/Kunkunshop/wp-content/themes/Kunshop/template-parts/components/paginations/pagination-ajax.php on line 9
[15-Sep-2025 15:41:02 UTC] PHP Warning:  Undefined variable $total_pages in /Users/woyz/Desktop/Kunkunshop/wp-content/themes/Kunshop/template-parts/components/paginations/pagination-ajax.php on line 9
[15-Sep-2025 15:41:02 UTC] PHP Warning:  Undefined variable $idtab in /Users/woyz/Desktop/Kunkunshop/wp-content/themes/Kunshop/template-parts/components/paginations/pagination-ajax.php on line 10
[15-Sep-2025 15:41:02 UTC] PHP Warning:  Undefined variable $idtab in /Users/woyz/Desktop/Kunkunshop/wp-content/themes/Kunshop/template-parts/components/paginations/pagination-ajax.php on line 10
[15-Sep-2025 15:41:02 UTC] PHP Warning:  Undefined variable $category_id in /Users/woyz/Desktop/Kunkunshop/wp-content/themes/Kunshop/template-parts/components/paginations/pagination-ajax.php on line 10
[15-Sep-2025 15:41:10 UTC] PHP Warning:  Undefined variable $idtab in /Users/woyz/Desktop/Kunkunshop/wp-content/themes/Kunshop/template-parts/components/paginations/pagination-ajax.php on line 6
[15-Sep-2025 15:41:10 UTC] PHP Warning:  Undefined variable $idtab in /Users/woyz/Desktop/Kunkunshop/wp-content/themes/Kunshop/template-parts/components/paginations/pagination-ajax.php on line 7
[15-Sep-2025 15:41:10 UTC] PHP Warning:  Undefined variable $idtab in /Users/woyz/Desktop/Kunkunshop/wp-content/themes/Kunshop/template-parts/components/paginations/pagination-ajax.php on line 7
[15-Sep-2025 15:41:10 UTC] PHP Warning:  Undefined variable $idtab in /Users/woyz/Desktop/Kunkunshop/wp-content/themes/Kunshop/template-parts/components/paginations/pagination-ajax.php on line 8
[15-Sep-2025 15:41:10 UTC] PHP Warning:  Undefined variable $idtab in /Users/woyz/Desktop/Kunkunshop/wp-content/themes/Kunshop/template-parts/components/paginations/pagination-ajax.php on line 8
[15-Sep-2025 15:41:10 UTC] PHP Warning:  Undefined variable $idtab in /Users/woyz/Desktop/Kunkunshop/wp-content/themes/Kunshop/template-parts/components/paginations/pagination-ajax.php on line 9
[15-Sep-2025 15:41:10 UTC] PHP Warning:  Undefined variable $idtab in /Users/woyz/Desktop/Kunkunshop/wp-content/themes/Kunshop/template-parts/components/paginations/pagination-ajax.php on line 9
[15-Sep-2025 15:41:10 UTC] PHP Warning:  Undefined variable $total_pages in /Users/woyz/Desktop/Kunkunshop/wp-content/themes/Kunshop/template-parts/components/paginations/pagination-ajax.php on line 9
[15-Sep-2025 15:41:10 UTC] PHP Warning:  Undefined variable $idtab in /Users/woyz/Desktop/Kunkunshop/wp-content/themes/Kunshop/template-parts/components/paginations/pagination-ajax.php on line 10
[15-Sep-2025 15:41:10 UTC] PHP Warning:  Undefined variable $idtab in /Users/woyz/Desktop/Kunkunshop/wp-content/themes/Kunshop/template-parts/components/paginations/pagination-ajax.php on line 10
[15-Sep-2025 15:41:10 UTC] PHP Warning:  Undefined variable $category_id in /Users/woyz/Desktop/Kunkunshop/wp-content/themes/Kunshop/template-parts/components/paginations/pagination-ajax.php on line 10
[15-Sep-2025 15:41:48 UTC] PHP Warning:  Undefined variable $idtab in /Users/woyz/Desktop/Kunkunshop/wp-content/themes/Kunshop/template-parts/components/paginations/pagination-ajax.php on line 6
[15-Sep-2025 15:41:48 UTC] PHP Warning:  Undefined variable $idtab in /Users/woyz/Desktop/Kunkunshop/wp-content/themes/Kunshop/template-parts/components/paginations/pagination-ajax.php on line 7
[15-Sep-2025 15:41:48 UTC] PHP Warning:  Undefined variable $idtab in /Users/woyz/Desktop/Kunkunshop/wp-content/themes/Kunshop/template-parts/components/paginations/pagination-ajax.php on line 7
[15-Sep-2025 15:41:48 UTC] PHP Warning:  Undefined variable $idtab in /Users/woyz/Desktop/Kunkunshop/wp-content/themes/Kunshop/template-parts/components/paginations/pagination-ajax.php on line 8
[15-Sep-2025 15:41:48 UTC] PHP Warning:  Undefined variable $idtab in /Users/woyz/Desktop/Kunkunshop/wp-content/themes/Kunshop/template-parts/components/paginations/pagination-ajax.php on line 8
[15-Sep-2025 15:41:48 UTC] PHP Warning:  Undefined variable $idtab in /Users/woyz/Desktop/Kunkunshop/wp-content/themes/Kunshop/template-parts/components/paginations/pagination-ajax.php on line 9
[15-Sep-2025 15:41:48 UTC] PHP Warning:  Undefined variable $idtab in /Users/woyz/Desktop/Kunkunshop/wp-content/themes/Kunshop/template-parts/components/paginations/pagination-ajax.php on line 9
[15-Sep-2025 15:41:48 UTC] PHP Warning:  Undefined variable $total_pages in /Users/woyz/Desktop/Kunkunshop/wp-content/themes/Kunshop/template-parts/components/paginations/pagination-ajax.php on line 9
[15-Sep-2025 15:41:48 UTC] PHP Warning:  Undefined variable $idtab in /Users/woyz/Desktop/Kunkunshop/wp-content/themes/Kunshop/template-parts/components/paginations/pagination-ajax.php on line 10
[15-Sep-2025 15:41:48 UTC] PHP Warning:  Undefined variable $idtab in /Users/woyz/Desktop/Kunkunshop/wp-content/themes/Kunshop/template-parts/components/paginations/pagination-ajax.php on line 10
[15-Sep-2025 15:41:48 UTC] PHP Warning:  Undefined variable $category_id in /Users/woyz/Desktop/Kunkunshop/wp-content/themes/Kunshop/template-parts/components/paginations/pagination-ajax.php on line 10
[15-Sep-2025 15:43:01 UTC] PHP Warning:  Undefined variable $idtab in /Users/woyz/Desktop/Kunkunshop/wp-content/themes/Kunshop/template-parts/components/paginations/pagination-ajax.php on line 6
[15-Sep-2025 15:43:01 UTC] PHP Warning:  Undefined variable $idtab in /Users/woyz/Desktop/Kunkunshop/wp-content/themes/Kunshop/template-parts/components/paginations/pagination-ajax.php on line 7
[15-Sep-2025 15:43:01 UTC] PHP Warning:  Undefined variable $idtab in /Users/woyz/Desktop/Kunkunshop/wp-content/themes/Kunshop/template-parts/components/paginations/pagination-ajax.php on line 7
[15-Sep-2025 15:43:01 UTC] PHP Warning:  Undefined variable $idtab in /Users/woyz/Desktop/Kunkunshop/wp-content/themes/Kunshop/template-parts/components/paginations/pagination-ajax.php on line 8
[15-Sep-2025 15:43:01 UTC] PHP Warning:  Undefined variable $idtab in /Users/woyz/Desktop/Kunkunshop/wp-content/themes/Kunshop/template-parts/components/paginations/pagination-ajax.php on line 8
[15-Sep-2025 15:43:01 UTC] PHP Warning:  Undefined variable $idtab in /Users/woyz/Desktop/Kunkunshop/wp-content/themes/Kunshop/template-parts/components/paginations/pagination-ajax.php on line 9
[15-Sep-2025 15:43:01 UTC] PHP Warning:  Undefined variable $idtab in /Users/woyz/Desktop/Kunkunshop/wp-content/themes/Kunshop/template-parts/components/paginations/pagination-ajax.php on line 9
[15-Sep-2025 15:43:01 UTC] PHP Warning:  Undefined variable $total_pages in /Users/woyz/Desktop/Kunkunshop/wp-content/themes/Kunshop/template-parts/components/paginations/pagination-ajax.php on line 9
[15-Sep-2025 15:43:01 UTC] PHP Warning:  Undefined variable $idtab in /Users/woyz/Desktop/Kunkunshop/wp-content/themes/Kunshop/template-parts/components/paginations/pagination-ajax.php on line 10
[15-Sep-2025 15:43:01 UTC] PHP Warning:  Undefined variable $idtab in /Users/woyz/Desktop/Kunkunshop/wp-content/themes/Kunshop/template-parts/components/paginations/pagination-ajax.php on line 10
[15-Sep-2025 15:43:01 UTC] PHP Warning:  Undefined variable $category_id in /Users/woyz/Desktop/Kunkunshop/wp-content/themes/Kunshop/template-parts/components/paginations/pagination-ajax.php on line 10
[15-Sep-2025 15:43:20 UTC] PHP Warning:  Undefined variable $idtab in /Users/woyz/Desktop/Kunkunshop/wp-content/themes/Kunshop/template-parts/components/paginations/pagination-ajax.php on line 6
[15-Sep-2025 15:43:20 UTC] PHP Warning:  Undefined variable $idtab in /Users/woyz/Desktop/Kunkunshop/wp-content/themes/Kunshop/template-parts/components/paginations/pagination-ajax.php on line 7
[15-Sep-2025 15:43:20 UTC] PHP Warning:  Undefined variable $idtab in /Users/woyz/Desktop/Kunkunshop/wp-content/themes/Kunshop/template-parts/components/paginations/pagination-ajax.php on line 7
[15-Sep-2025 15:43:20 UTC] PHP Warning:  Undefined variable $idtab in /Users/woyz/Desktop/Kunkunshop/wp-content/themes/Kunshop/template-parts/components/paginations/pagination-ajax.php on line 8
[15-Sep-2025 15:43:20 UTC] PHP Warning:  Undefined variable $idtab in /Users/woyz/Desktop/Kunkunshop/wp-content/themes/Kunshop/template-parts/components/paginations/pagination-ajax.php on line 8
[15-Sep-2025 15:43:20 UTC] PHP Warning:  Undefined variable $idtab in /Users/woyz/Desktop/Kunkunshop/wp-content/themes/Kunshop/template-parts/components/paginations/pagination-ajax.php on line 9
[15-Sep-2025 15:43:20 UTC] PHP Warning:  Undefined variable $idtab in /Users/woyz/Desktop/Kunkunshop/wp-content/themes/Kunshop/template-parts/components/paginations/pagination-ajax.php on line 9
[15-Sep-2025 15:43:20 UTC] PHP Warning:  Undefined variable $total_pages in /Users/woyz/Desktop/Kunkunshop/wp-content/themes/Kunshop/template-parts/components/paginations/pagination-ajax.php on line 9
[15-Sep-2025 15:43:20 UTC] PHP Warning:  Undefined variable $idtab in /Users/woyz/Desktop/Kunkunshop/wp-content/themes/Kunshop/template-parts/components/paginations/pagination-ajax.php on line 10
[15-Sep-2025 15:43:20 UTC] PHP Warning:  Undefined variable $idtab in /Users/woyz/Desktop/Kunkunshop/wp-content/themes/Kunshop/template-parts/components/paginations/pagination-ajax.php on line 10
[15-Sep-2025 15:43:20 UTC] PHP Warning:  Undefined variable $category_id in /Users/woyz/Desktop/Kunkunshop/wp-content/themes/Kunshop/template-parts/components/paginations/pagination-ajax.php on line 10
[15-Sep-2025 15:43:44 UTC] PHP Warning:  Undefined variable $idtab in /Users/woyz/Desktop/Kunkunshop/wp-content/themes/Kunshop/template-parts/components/paginations/pagination-ajax.php on line 6
[15-Sep-2025 15:43:44 UTC] PHP Warning:  Undefined variable $idtab in /Users/woyz/Desktop/Kunkunshop/wp-content/themes/Kunshop/template-parts/components/paginations/pagination-ajax.php on line 7
[15-Sep-2025 15:43:44 UTC] PHP Warning:  Undefined variable $idtab in /Users/woyz/Desktop/Kunkunshop/wp-content/themes/Kunshop/template-parts/components/paginations/pagination-ajax.php on line 7
[15-Sep-2025 15:43:44 UTC] PHP Warning:  Undefined variable $idtab in /Users/woyz/Desktop/Kunkunshop/wp-content/themes/Kunshop/template-parts/components/paginations/pagination-ajax.php on line 8
[15-Sep-2025 15:43:44 UTC] PHP Warning:  Undefined variable $idtab in /Users/woyz/Desktop/Kunkunshop/wp-content/themes/Kunshop/template-parts/components/paginations/pagination-ajax.php on line 8
[15-Sep-2025 15:43:44 UTC] PHP Warning:  Undefined variable $idtab in /Users/woyz/Desktop/Kunkunshop/wp-content/themes/Kunshop/template-parts/components/paginations/pagination-ajax.php on line 9
[15-Sep-2025 15:43:44 UTC] PHP Warning:  Undefined variable $idtab in /Users/woyz/Desktop/Kunkunshop/wp-content/themes/Kunshop/template-parts/components/paginations/pagination-ajax.php on line 9
[15-Sep-2025 15:43:44 UTC] PHP Warning:  Undefined variable $total_pages in /Users/woyz/Desktop/Kunkunshop/wp-content/themes/Kunshop/template-parts/components/paginations/pagination-ajax.php on line 9
[15-Sep-2025 15:43:44 UTC] PHP Warning:  Undefined variable $idtab in /Users/woyz/Desktop/Kunkunshop/wp-content/themes/Kunshop/template-parts/components/paginations/pagination-ajax.php on line 10
[15-Sep-2025 15:43:44 UTC] PHP Warning:  Undefined variable $idtab in /Users/woyz/Desktop/Kunkunshop/wp-content/themes/Kunshop/template-parts/components/paginations/pagination-ajax.php on line 10
[15-Sep-2025 15:43:44 UTC] PHP Warning:  Undefined variable $category_id in /Users/woyz/Desktop/Kunkunshop/wp-content/themes/Kunshop/template-parts/components/paginations/pagination-ajax.php on line 10
[15-Sep-2025 15:44:31 UTC] PHP Warning:  Undefined variable $idtab in /Users/woyz/Desktop/Kunkunshop/wp-content/themes/Kunshop/template-parts/components/paginations/pagination-ajax.php on line 6
[15-Sep-2025 15:44:31 UTC] PHP Warning:  Undefined variable $idtab in /Users/woyz/Desktop/Kunkunshop/wp-content/themes/Kunshop/template-parts/components/paginations/pagination-ajax.php on line 7
[15-Sep-2025 15:44:31 UTC] PHP Warning:  Undefined variable $idtab in /Users/woyz/Desktop/Kunkunshop/wp-content/themes/Kunshop/template-parts/components/paginations/pagination-ajax.php on line 7
[15-Sep-2025 15:44:31 UTC] PHP Warning:  Undefined variable $idtab in /Users/woyz/Desktop/Kunkunshop/wp-content/themes/Kunshop/template-parts/components/paginations/pagination-ajax.php on line 8
[15-Sep-2025 15:44:31 UTC] PHP Warning:  Undefined variable $idtab in /Users/woyz/Desktop/Kunkunshop/wp-content/themes/Kunshop/template-parts/components/paginations/pagination-ajax.php on line 8
[15-Sep-2025 15:44:31 UTC] PHP Warning:  Undefined variable $idtab in /Users/woyz/Desktop/Kunkunshop/wp-content/themes/Kunshop/template-parts/components/paginations/pagination-ajax.php on line 9
[15-Sep-2025 15:44:31 UTC] PHP Warning:  Undefined variable $idtab in /Users/woyz/Desktop/Kunkunshop/wp-content/themes/Kunshop/template-parts/components/paginations/pagination-ajax.php on line 9
[15-Sep-2025 15:44:31 UTC] PHP Warning:  Undefined variable $total_pages in /Users/woyz/Desktop/Kunkunshop/wp-content/themes/Kunshop/template-parts/components/paginations/pagination-ajax.php on line 9
[15-Sep-2025 15:44:31 UTC] PHP Warning:  Undefined variable $idtab in /Users/woyz/Desktop/Kunkunshop/wp-content/themes/Kunshop/template-parts/components/paginations/pagination-ajax.php on line 10
[15-Sep-2025 15:44:31 UTC] PHP Warning:  Undefined variable $idtab in /Users/woyz/Desktop/Kunkunshop/wp-content/themes/Kunshop/template-parts/components/paginations/pagination-ajax.php on line 10
[15-Sep-2025 15:44:31 UTC] PHP Warning:  Undefined variable $category_id in /Users/woyz/Desktop/Kunkunshop/wp-content/themes/Kunshop/template-parts/components/paginations/pagination-ajax.php on line 10
[16-Sep-2025 04:05:41 UTC] PHP Warning:  Undefined variable $idtab in /Users/woyz/Desktop/Kunkunshop/wp-content/themes/Kunshop/template-parts/components/paginations/pagination-ajax.php on line 6
[16-Sep-2025 04:05:41 UTC] PHP Warning:  Undefined variable $idtab in /Users/woyz/Desktop/Kunkunshop/wp-content/themes/Kunshop/template-parts/components/paginations/pagination-ajax.php on line 7
[16-Sep-2025 04:05:41 UTC] PHP Warning:  Undefined variable $idtab in /Users/woyz/Desktop/Kunkunshop/wp-content/themes/Kunshop/template-parts/components/paginations/pagination-ajax.php on line 7
[16-Sep-2025 04:05:41 UTC] PHP Warning:  Undefined variable $idtab in /Users/woyz/Desktop/Kunkunshop/wp-content/themes/Kunshop/template-parts/components/paginations/pagination-ajax.php on line 8
[16-Sep-2025 04:05:41 UTC] PHP Warning:  Undefined variable $idtab in /Users/woyz/Desktop/Kunkunshop/wp-content/themes/Kunshop/template-parts/components/paginations/pagination-ajax.php on line 8
[16-Sep-2025 04:05:41 UTC] PHP Warning:  Undefined variable $idtab in /Users/woyz/Desktop/Kunkunshop/wp-content/themes/Kunshop/template-parts/components/paginations/pagination-ajax.php on line 9
[16-Sep-2025 04:05:41 UTC] PHP Warning:  Undefined variable $idtab in /Users/woyz/Desktop/Kunkunshop/wp-content/themes/Kunshop/template-parts/components/paginations/pagination-ajax.php on line 9
[16-Sep-2025 04:05:41 UTC] PHP Warning:  Undefined variable $total_pages in /Users/woyz/Desktop/Kunkunshop/wp-content/themes/Kunshop/template-parts/components/paginations/pagination-ajax.php on line 9
[16-Sep-2025 04:05:41 UTC] PHP Warning:  Undefined variable $idtab in /Users/woyz/Desktop/Kunkunshop/wp-content/themes/Kunshop/template-parts/components/paginations/pagination-ajax.php on line 10
[16-Sep-2025 04:05:41 UTC] PHP Warning:  Undefined variable $idtab in /Users/woyz/Desktop/Kunkunshop/wp-content/themes/Kunshop/template-parts/components/paginations/pagination-ajax.php on line 10
[16-Sep-2025 04:05:41 UTC] PHP Warning:  Undefined variable $category_id in /Users/woyz/Desktop/Kunkunshop/wp-content/themes/Kunshop/template-parts/components/paginations/pagination-ajax.php on line 10
[16-Sep-2025 04:05:42 UTC] PHP Warning:  wp_version_check(): An unexpected error occurred. Something may be wrong with WordPress.org or this server&#8217;s configuration. If you continue to have problems, please try the <a href="https://wordpress.org/support/forums/">support forums</a>. (WordPress could not establish a secure connection to WordPress.org. Please contact your server administrator.) in /Users/woyz/Desktop/Kunkunshop/wp-includes/functions.php on line 6121
[16-Sep-2025 04:05:43 UTC] Automatic updates starting...
[16-Sep-2025 04:05:45 UTC] Automatic updates complete.
[16-Sep-2025 04:21:50 UTC] PHP Warning:  Undefined variable $idtab in /Users/woyz/Desktop/Kunkunshop/wp-content/themes/Kunshop/template-parts/components/paginations/pagination-ajax.php on line 6
[16-Sep-2025 04:21:50 UTC] PHP Warning:  Undefined variable $idtab in /Users/woyz/Desktop/Kunkunshop/wp-content/themes/Kunshop/template-parts/components/paginations/pagination-ajax.php on line 7
[16-Sep-2025 04:21:50 UTC] PHP Warning:  Undefined variable $idtab in /Users/woyz/Desktop/Kunkunshop/wp-content/themes/Kunshop/template-parts/components/paginations/pagination-ajax.php on line 8
[16-Sep-2025 04:21:50 UTC] PHP Warning:  Undefined variable $idtab in /Users/woyz/Desktop/Kunkunshop/wp-content/themes/Kunshop/template-parts/components/paginations/pagination-ajax.php on line 8
[16-Sep-2025 04:21:50 UTC] PHP Warning:  Undefined variable $idtab in /Users/woyz/Desktop/Kunkunshop/wp-content/themes/Kunshop/template-parts/components/paginations/pagination-ajax.php on line 9
[16-Sep-2025 04:21:50 UTC] PHP Warning:  Undefined variable $idtab in /Users/woyz/Desktop/Kunkunshop/wp-content/themes/Kunshop/template-parts/components/paginations/pagination-ajax.php on line 9
[16-Sep-2025 04:21:50 UTC] PHP Warning:  Undefined variable $idtab in /Users/woyz/Desktop/Kunkunshop/wp-content/themes/Kunshop/template-parts/components/paginations/pagination-ajax.php on line 10
[16-Sep-2025 04:21:50 UTC] PHP Warning:  Undefined variable $idtab in /Users/woyz/Desktop/Kunkunshop/wp-content/themes/Kunshop/template-parts/components/paginations/pagination-ajax.php on line 10
[16-Sep-2025 04:21:50 UTC] PHP Warning:  Undefined variable $total_pages in /Users/woyz/Desktop/Kunkunshop/wp-content/themes/Kunshop/template-parts/components/paginations/pagination-ajax.php on line 10
[16-Sep-2025 04:21:50 UTC] PHP Warning:  Undefined variable $idtab in /Users/woyz/Desktop/Kunkunshop/wp-content/themes/Kunshop/template-parts/components/paginations/pagination-ajax.php on line 11
[16-Sep-2025 04:21:50 UTC] PHP Warning:  Undefined variable $idtab in /Users/woyz/Desktop/Kunkunshop/wp-content/themes/Kunshop/template-parts/components/paginations/pagination-ajax.php on line 11
[16-Sep-2025 04:21:50 UTC] PHP Warning:  Undefined variable $category_id in /Users/woyz/Desktop/Kunkunshop/wp-content/themes/Kunshop/template-parts/components/paginations/pagination-ajax.php on line 11
[16-Sep-2025 04:22:04 UTC] PHP Warning:  Undefined variable $idtab in /Users/woyz/Desktop/Kunkunshop/wp-content/themes/Kunshop/template-parts/components/paginations/pagination-ajax.php on line 6
[16-Sep-2025 04:22:04 UTC] PHP Warning:  Undefined variable $idtab in /Users/woyz/Desktop/Kunkunshop/wp-content/themes/Kunshop/template-parts/components/paginations/pagination-ajax.php on line 7
[16-Sep-2025 04:22:04 UTC] PHP Warning:  Undefined variable $idtab in /Users/woyz/Desktop/Kunkunshop/wp-content/themes/Kunshop/template-parts/components/paginations/pagination-ajax.php on line 8
[16-Sep-2025 04:22:04 UTC] PHP Warning:  Undefined variable $idtab in /Users/woyz/Desktop/Kunkunshop/wp-content/themes/Kunshop/template-parts/components/paginations/pagination-ajax.php on line 8
[16-Sep-2025 04:22:04 UTC] PHP Warning:  Undefined variable $idtab in /Users/woyz/Desktop/Kunkunshop/wp-content/themes/Kunshop/template-parts/components/paginations/pagination-ajax.php on line 9
[16-Sep-2025 04:22:04 UTC] PHP Warning:  Undefined variable $idtab in /Users/woyz/Desktop/Kunkunshop/wp-content/themes/Kunshop/template-parts/components/paginations/pagination-ajax.php on line 9
[16-Sep-2025 04:22:04 UTC] PHP Warning:  Undefined variable $idtab in /Users/woyz/Desktop/Kunkunshop/wp-content/themes/Kunshop/template-parts/components/paginations/pagination-ajax.php on line 10
[16-Sep-2025 04:22:04 UTC] PHP Warning:  Undefined variable $idtab in /Users/woyz/Desktop/Kunkunshop/wp-content/themes/Kunshop/template-parts/components/paginations/pagination-ajax.php on line 10
[16-Sep-2025 04:22:04 UTC] PHP Warning:  Undefined variable $total_pages in /Users/woyz/Desktop/Kunkunshop/wp-content/themes/Kunshop/template-parts/components/paginations/pagination-ajax.php on line 10
[16-Sep-2025 04:22:04 UTC] PHP Warning:  Undefined variable $idtab in /Users/woyz/Desktop/Kunkunshop/wp-content/themes/Kunshop/template-parts/components/paginations/pagination-ajax.php on line 11
[16-Sep-2025 04:22:04 UTC] PHP Warning:  Undefined variable $idtab in /Users/woyz/Desktop/Kunkunshop/wp-content/themes/Kunshop/template-parts/components/paginations/pagination-ajax.php on line 11
[16-Sep-2025 04:22:04 UTC] PHP Warning:  Undefined variable $category_id in /Users/woyz/Desktop/Kunkunshop/wp-content/themes/Kunshop/template-parts/components/paginations/pagination-ajax.php on line 11
[16-Sep-2025 04:24:51 UTC] Automatic updates starting...
[16-Sep-2025 04:24:51 UTC] Automatic updates complete.
[16-Sep-2025 08:13:00 UTC] PHP Warning:  wp_update_plugins(): An unexpected error occurred. Something may be wrong with WordPress.org or this server&#8217;s configuration. If you continue to have problems, please try the <a href="https://wordpress.org/support/forums/">support forums</a>. (WordPress could not establish a secure connection to WordPress.org. Please contact your server administrator.) in /Users/woyz/Desktop/Kunkunshop/wp-includes/functions.php on line 6121
[16-Sep-2025 09:18:52 UTC] PHP Fatal error:  Uncaught TypeError: count(): Argument #1 ($value) must be of type Countable|array, int given in /Users/woyz/Desktop/Kunkunshop/wp-content/themes/Kunshop/front-page.php:167
Stack trace:
#0 /Users/woyz/Desktop/Kunkunshop/wp-includes/template-loader.php(106): include()
#1 /Users/woyz/Desktop/Kunkunshop/wp-blog-header.php(19): require_once('/Users/woyz/Des...')
#2 /Users/woyz/Desktop/Kunkunshop/index.php(17): require('/Users/woyz/Des...')
#3 {main}
  thrown in /Users/woyz/Desktop/Kunkunshop/wp-content/themes/Kunshop/front-page.php on line 167
[16-Sep-2025 13:44:41 UTC] PHP Warning:  Trying to access array offset on value of type null in /Users/woyz/Desktop/Kunkunshop/wp-content/themes/Kunshop/template-parts/components/filters/filter-product.php on line 27
[16-Sep-2025 13:44:41 UTC] PHP Warning:  Trying to access array offset on value of type null in /Users/woyz/Desktop/Kunkunshop/wp-content/themes/Kunshop/template-parts/components/filters/filter-product.php on line 28
[16-Sep-2025 13:51:57 UTC] PHP Warning:  Trying to access array offset on value of type null in /Users/woyz/Desktop/Kunkunshop/wp-content/themes/Kunshop/template-parts/components/filters/filter-product.php on line 27
[16-Sep-2025 13:51:57 UTC] PHP Warning:  Trying to access array offset on value of type null in /Users/woyz/Desktop/Kunkunshop/wp-content/themes/Kunshop/template-parts/components/filters/filter-product.php on line 28
[16-Sep-2025 16:25:36 UTC] PHP Warning:  wp_version_check(): An unexpected error occurred. Something may be wrong with WordPress.org or this server&#8217;s configuration. If you continue to have problems, please try the <a href="https://wordpress.org/support/forums/">support forums</a>. (WordPress could not establish a secure connection to WordPress.org. Please contact your server administrator.) in /Users/woyz/Desktop/Kunkunshop/wp-includes/functions.php on line 6121
[16-Sep-2025 16:25:37 UTC] Automatic updates starting...
[16-Sep-2025 16:25:39 UTC] Automatic updates complete.
[17-Sep-2025 12:47:00 UTC] PHP Warning:  wp_update_plugins(): An unexpected error occurred. Something may be wrong with WordPress.org or this server&#8217;s configuration. If you continue to have problems, please try the <a href="https://wordpress.org/support/forums/">support forums</a>. (WordPress could not establish a secure connection to WordPress.org. Please contact your server administrator.) in /Users/woyz/Desktop/Kunkunshop/wp-includes/functions.php on line 6121
[17-Sep-2025 12:47:03 UTC] Automatic updates starting...
[17-Sep-2025 12:47:03 UTC] Automatic updates complete.
[17-Sep-2025 16:25:43 UTC] Automatic updates starting...
[17-Sep-2025 16:25:46 UTC] Automatic updates complete.
[17-Sep-2025 17:14:20 UTC] PHP Fatal error:  Uncaught Error: Call to undefined function render_category_checkboxes() in /Users/woyz/Desktop/Kunkunshop/wp-content/themes/Kunshop/template-parts/components/filters/filter-product.php:6
Stack trace:
#0 /Users/woyz/Desktop/Kunkunshop/wp-content/themes/Kunshop/template-parts/archive/content-sanpham.php(14): include()
#1 /Users/woyz/Desktop/Kunkunshop/wp-includes/template.php(812): require('/Users/woyz/Des...')
#2 /Users/woyz/Desktop/Kunkunshop/wp-includes/template.php(745): load_template('/Users/woyz/Des...', false, Array)
#3 /Users/woyz/Desktop/Kunkunshop/wp-includes/general-template.php(206): locate_template(Array, true, false, Array)
#4 /Users/woyz/Desktop/Kunkunshop/wp-content/themes/Kunshop/archive.php(14): get_template_part('template-parts/...', 'sanpham')
#5 /Users/woyz/Desktop/Kunkunshop/wp-includes/template-loader.php(106): include('/Users/woyz/Des...')
#6 /Users/woyz/Desktop/Kunkunshop/wp-blog-header.php(19): require_once('/Users/woyz/Des...')
#7 /Users/woyz/Desktop/Kunkunshop/index.php(17): require('/Users/woyz/Des...')
#8 {main}
  thrown in /Users/woyz/Desktop/Kunkunshop/wp-content/themes/Kunshop/template-parts/components/filters/filter-product.php on line 6
[18-Sep-2025 06:09:21 UTC] PHP Warning:  wp_version_check(): An unexpected error occurred. Something may be wrong with WordPress.org or this server&#8217;s configuration. If you continue to have problems, please try the <a href="https://wordpress.org/support/forums/">support forums</a>. (WordPress could not establish a secure connection to WordPress.org. Please contact your server administrator.) in /Users/woyz/Desktop/Kunkunshop/wp-includes/functions.php on line 6121
[18-Sep-2025 06:09:21 UTC] Automatic updates starting...
[18-Sep-2025 06:09:22 UTC] Automatic updates complete.
[18-Sep-2025 08:04:23 UTC] PHP Warning:  Undefined array key "post_type" in /Users/woyz/Desktop/Kunkunshop/wp-content/themes/Kunshop/archive.php on line 12
[18-Sep-2025 08:29:38 UTC] PHP Warning:  Undefined array key "post_type" in /Users/woyz/Desktop/Kunkunshop/wp-content/themes/Kunshop/archive.php on line 12
[18-Sep-2025 14:38:17 UTC] PHP Warning:  Undefined array key "post_type" in /Users/woyz/Desktop/Kunkunshop/wp-content/themes/Kunshop/archive.php on line 12
[18-Sep-2025 14:45:44 UTC] PHP Warning:  Undefined array key "post_type" in /Users/woyz/Desktop/Kunkunshop/wp-content/themes/Kunshop/archive.php on line 12
[18-Sep-2025 14:47:17 UTC] PHP Warning:  Undefined array key "post_type" in /Users/woyz/Desktop/Kunkunshop/wp-content/themes/Kunshop/archive.php on line 12
[18-Sep-2025 14:47:51 UTC] PHP Warning:  Undefined array key "post_type" in /Users/woyz/Desktop/Kunkunshop/wp-content/themes/Kunshop/archive.php on line 12
[18-Sep-2025 14:50:34 UTC] PHP Warning:  Undefined array key "post_type" in /Users/woyz/Desktop/Kunkunshop/wp-content/themes/Kunshop/archive.php on line 12
[18-Sep-2025 14:50:36 UTC] PHP Warning:  Undefined array key "post_type" in /Users/woyz/Desktop/Kunkunshop/wp-content/themes/Kunshop/archive.php on line 12
[18-Sep-2025 14:51:26 UTC] PHP Warning:  Undefined array key "post_type" in /Users/woyz/Desktop/Kunkunshop/wp-content/themes/Kunshop/archive.php on line 12
[18-Sep-2025 14:51:58 UTC] PHP Warning:  Undefined array key "post_type" in /Users/woyz/Desktop/Kunkunshop/wp-content/themes/Kunshop/archive.php on line 12
[18-Sep-2025 14:54:24 UTC] PHP Warning:  Undefined array key "post_type" in /Users/woyz/Desktop/Kunkunshop/wp-content/themes/Kunshop/archive.php on line 12
[18-Sep-2025 14:54:54 UTC] PHP Warning:  Undefined array key "post_type" in /Users/woyz/Desktop/Kunkunshop/wp-content/themes/Kunshop/archive.php on line 12
[18-Sep-2025 15:00:32 UTC] PHP Warning:  Undefined array key "post_type" in /Users/woyz/Desktop/Kunkunshop/wp-content/themes/Kunshop/archive.php on line 12
[18-Sep-2025 16:32:44 UTC] PHP Warning:  wp_version_check(): An unexpected error occurred. Something may be wrong with WordPress.org or this server&#8217;s configuration. If you continue to have problems, please try the <a href="https://wordpress.org/support/forums/">support forums</a>. (WordPress could not establish a secure connection to WordPress.org. Please contact your server administrator.) in /Users/woyz/Desktop/Kunkunshop/wp-includes/functions.php on line 6121
[18-Sep-2025 16:32:45 UTC] Automatic updates starting...
[18-Sep-2025 16:32:48 UTC] Automatic updates complete.
[18-Sep-2025 16:41:42 UTC] PHP Warning:  Undefined array key "post_type" in /Users/woyz/Desktop/Kunkunshop/wp-content/themes/Kunshop/archive.php on line 12
[19-Sep-2025 06:24:59 UTC] PHP Warning:  wp_version_check(): An unexpected error occurred. Something may be wrong with WordPress.org or this server&#8217;s configuration. If you continue to have problems, please try the <a href="https://wordpress.org/support/forums/">support forums</a>. (WordPress could not establish a secure connection to WordPress.org. Please contact your server administrator.) in /Users/woyz/Desktop/Kunkunshop/wp-includes/functions.php on line 6121
[19-Sep-2025 06:25:00 UTC] Automatic updates starting...
[19-Sep-2025 06:25:02 UTC] Automatic updates complete.
[19-Sep-2025 12:45:53 UTC] PHP Fatal error:  Uncaught TypeError: Cannot access offset of type string on string in /Users/woyz/Desktop/Kunkunshop/wp-content/themes/Kunshop/front-page.php:140
Stack trace:
#0 /Users/woyz/Desktop/Kunkunshop/wp-includes/template-loader.php(106): include()
#1 /Users/woyz/Desktop/Kunkunshop/wp-blog-header.php(19): require_once('/Users/woyz/Des...')
#2 /Users/woyz/Desktop/Kunkunshop/index.php(17): require('/Users/woyz/Des...')
#3 {main}
  thrown in /Users/woyz/Desktop/Kunkunshop/wp-content/themes/Kunshop/front-page.php on line 140
[19-Sep-2025 13:13:00 UTC] PHP Warning:  Undefined array key "post_type" in /Users/woyz/Desktop/Kunkunshop/wp-content/themes/Kunshop/archive.php on line 12
[19-Sep-2025 13:30:47 UTC] PHP Warning:  Undefined variable $color_title in /Users/woyz/Desktop/Kunkunshop/wp-content/themes/Kunshop/template-parts/components/product-promotion.php on line 3
[19-Sep-2025 15:55:46 UTC] PHP Parse error:  syntax error, unexpected single-quoted string "orderby", expecting "]" in /Users/woyz/Desktop/Kunkunshop/wp-content/themes/Kunshop/inc/api.php on line 21
[19-Sep-2025 15:55:47 UTC] PHP Parse error:  syntax error, unexpected single-quoted string "orderby", expecting "]" in /Users/woyz/Desktop/Kunkunshop/wp-content/themes/Kunshop/inc/api.php on line 21
[19-Sep-2025 15:56:34 UTC] PHP Parse error:  syntax error, unexpected single-quoted string "orderby", expecting "]" in /Users/woyz/Desktop/Kunkunshop/wp-content/themes/Kunshop/inc/api.php on line 21
[19-Sep-2025 15:56:34 UTC] PHP Notice:  Function _load_textdomain_just_in_time was called <strong>incorrectly</strong>. Translation loading for the <code>kunshop</code> domain was triggered too early. This is usually an indicator for some code in the plugin or theme running too early. Translations should be loaded at the <code>init</code> action or later. Please see <a href="https://developer.wordpress.org/advanced-administration/debug/debug-wordpress/">Debugging in WordPress</a> for more information. (This message was added in version 6.7.0.) in /Users/woyz/Desktop/Kunkunshop/wp-includes/functions.php on line 6121
[19-Sep-2025 15:56:34 UTC] PHP Warning:  Trying to access array offset on value of type bool in /Users/woyz/Desktop/Kunkunshop/wp-includes/class-wp-recovery-mode-email-service.php on line 367
[19-Sep-2025 15:56:34 UTC] PHP Warning:  Trying to access array offset on value of type bool in /Users/woyz/Desktop/Kunkunshop/wp-includes/class-wp-recovery-mode-email-service.php on line 368
[19-Sep-2025 15:56:34 UTC] PHP Notice:  Function _load_textdomain_just_in_time was called <strong>incorrectly</strong>. Translation loading for the <code>wp-mail-smtp</code> domain was triggered too early. This is usually an indicator for some code in the plugin or theme running too early. Translations should be loaded at the <code>init</code> action or later. Please see <a href="https://developer.wordpress.org/advanced-administration/debug/debug-wordpress/">Debugging in WordPress</a> for more information. (This message was added in version 6.7.0.) in /Users/woyz/Desktop/Kunkunshop/wp-includes/functions.php on line 6121
[19-Sep-2025 15:56:35 UTC] PHP Parse error:  syntax error, unexpected single-quoted string "orderby", expecting "]" in /Users/woyz/Desktop/Kunkunshop/wp-content/themes/Kunshop/inc/api.php on line 21
[19-Sep-2025 15:56:35 UTC] PHP Parse error:  syntax error, unexpected single-quoted string "orderby", expecting "]" in /Users/woyz/Desktop/Kunkunshop/wp-content/themes/Kunshop/inc/api.php on line 21
[19-Sep-2025 15:56:37 UTC] PHP Parse error:  syntax error, unexpected single-quoted string "orderby", expecting "]" in /Users/woyz/Desktop/Kunkunshop/wp-content/themes/Kunshop/inc/api.php on line 21
[19-Sep-2025 15:56:37 UTC] PHP Parse error:  syntax error, unexpected single-quoted string "orderby", expecting "]" in /Users/woyz/Desktop/Kunkunshop/wp-content/themes/Kunshop/inc/api.php on line 21
[19-Sep-2025 15:56:39 UTC] PHP Parse error:  syntax error, unexpected single-quoted string "orderby", expecting "]" in /Users/woyz/Desktop/Kunkunshop/wp-content/themes/Kunshop/inc/api.php on line 21
[19-Sep-2025 15:56:40 UTC] PHP Parse error:  syntax error, unexpected single-quoted string "orderby", expecting "]" in /Users/woyz/Desktop/Kunkunshop/wp-content/themes/Kunshop/inc/api.php on line 21
[19-Sep-2025 16:11:54 UTC] PHP Parse error:  syntax error, unexpected single-quoted string "orderby", expecting ")" in /Users/woyz/Desktop/Kunkunshop/wp-content/themes/Kunshop/template-parts/components/product-promotion.php on line 19
[19-Sep-2025 16:24:47 UTC] PHP Parse error:  syntax error, unexpected end of file, expecting "{" in /Users/woyz/Desktop/Kunkunshop/wp-content/themes/Kunshop/inc/api.php on line 188
[19-Sep-2025 16:26:55 UTC] PHP Warning:  wp_version_check(): An unexpected error occurred. Something may be wrong with WordPress.org or this server&#8217;s configuration. If you continue to have problems, please try the <a href="https://wordpress.org/support/forums/">support forums</a>. (WordPress could not establish a secure connection to WordPress.org. Please contact your server administrator.) in /Users/woyz/Desktop/Kunkunshop/wp-includes/functions.php on line 6121
[19-Sep-2025 16:26:56 UTC] Automatic updates starting...
[19-Sep-2025 16:26:58 UTC] Automatic updates complete.
[19-Sep-2025 17:03:18 UTC] PHP Warning:  Undefined array key 1 in /Users/woyz/Desktop/Kunkunshop/wp-content/themes/Kunshop/inc/api.php on line 81
[19-Sep-2025 17:03:59 UTC] PHP Warning:  Undefined array key 1 in /Users/woyz/Desktop/Kunkunshop/wp-content/themes/Kunshop/inc/api.php on line 81
[19-Sep-2025 17:04:07 UTC] PHP Warning:  Undefined array key 1 in /Users/woyz/Desktop/Kunkunshop/wp-content/themes/Kunshop/inc/api.php on line 81
[19-Sep-2025 17:04:33 UTC] PHP Warning:  Undefined array key 1 in /Users/woyz/Desktop/Kunkunshop/wp-content/themes/Kunshop/inc/api.php on line 81
[19-Sep-2025 17:04:35 UTC] PHP Warning:  Undefined array key 1 in /Users/woyz/Desktop/Kunkunshop/wp-content/themes/Kunshop/inc/api.php on line 81
[19-Sep-2025 17:04:43 UTC] PHP Warning:  Undefined array key 1 in /Users/woyz/Desktop/Kunkunshop/wp-content/themes/Kunshop/inc/api.php on line 81
[19-Sep-2025 17:06:32 UTC] PHP Warning:  Undefined array key 1 in /Users/woyz/Desktop/Kunkunshop/wp-content/themes/Kunshop/inc/api.php on line 81
[19-Sep-2025 17:06:35 UTC] PHP Warning:  Undefined array key 1 in /Users/woyz/Desktop/Kunkunshop/wp-content/themes/Kunshop/inc/api.php on line 81
[19-Sep-2025 17:06:38 UTC] PHP Warning:  Undefined array key 1 in /Users/woyz/Desktop/Kunkunshop/wp-content/themes/Kunshop/inc/api.php on line 81
[19-Sep-2025 17:07:29 UTC] PHP Warning:  Undefined array key 1 in /Users/woyz/Desktop/Kunkunshop/wp-content/themes/Kunshop/inc/api.php on line 81
[19-Sep-2025 17:07:34 UTC] PHP Warning:  Undefined array key 1 in /Users/woyz/Desktop/Kunkunshop/wp-content/themes/Kunshop/inc/api.php on line 81
[19-Sep-2025 17:07:45 UTC] PHP Warning:  Undefined array key 1 in /Users/woyz/Desktop/Kunkunshop/wp-content/themes/Kunshop/inc/api.php on line 81
[19-Sep-2025 17:07:58 UTC] PHP Warning:  Undefined array key 1 in /Users/woyz/Desktop/Kunkunshop/wp-content/themes/Kunshop/inc/api.php on line 81
[19-Sep-2025 17:08:11 UTC] PHP Warning:  Undefined array key 1 in /Users/woyz/Desktop/Kunkunshop/wp-content/themes/Kunshop/inc/api.php on line 81
[19-Sep-2025 17:08:15 UTC] PHP Warning:  Undefined array key 1 in /Users/woyz/Desktop/Kunkunshop/wp-content/themes/Kunshop/inc/api.php on line 81
[19-Sep-2025 17:08:24 UTC] PHP Warning:  Undefined array key 1 in /Users/woyz/Desktop/Kunkunshop/wp-content/themes/Kunshop/inc/api.php on line 81
[19-Sep-2025 17:10:47 UTC] PHP Warning:  Undefined array key 1 in /Users/woyz/Desktop/Kunkunshop/wp-content/themes/Kunshop/inc/api.php on line 81
[19-Sep-2025 17:11:04 UTC] PHP Warning:  Undefined array key 1 in /Users/woyz/Desktop/Kunkunshop/wp-content/themes/Kunshop/inc/api.php on line 81
[19-Sep-2025 17:11:08 UTC] PHP Warning:  Undefined array key 1 in /Users/woyz/Desktop/Kunkunshop/wp-content/themes/Kunshop/inc/api.php on line 81
[19-Sep-2025 17:12:53 UTC] PHP Warning:  Undefined array key 1 in /Users/woyz/Desktop/Kunkunshop/wp-content/themes/Kunshop/inc/api.php on line 81
[19-Sep-2025 17:12:59 UTC] PHP Warning:  Undefined array key 1 in /Users/woyz/Desktop/Kunkunshop/wp-content/themes/Kunshop/inc/api.php on line 81
[19-Sep-2025 17:13:03 UTC] PHP Warning:  Undefined array key 1 in /Users/woyz/Desktop/Kunkunshop/wp-content/themes/Kunshop/inc/api.php on line 81
[19-Sep-2025 17:13:07 UTC] PHP Warning:  Undefined array key 1 in /Users/woyz/Desktop/Kunkunshop/wp-content/themes/Kunshop/inc/api.php on line 81
[19-Sep-2025 17:13:09 UTC] PHP Warning:  Undefined array key 1 in /Users/woyz/Desktop/Kunkunshop/wp-content/themes/Kunshop/inc/api.php on line 81
[19-Sep-2025 17:13:13 UTC] PHP Warning:  Undefined array key 1 in /Users/woyz/Desktop/Kunkunshop/wp-content/themes/Kunshop/inc/api.php on line 81
[19-Sep-2025 17:13:55 UTC] PHP Warning:  Undefined array key 1 in /Users/woyz/Desktop/Kunkunshop/wp-content/themes/Kunshop/inc/api.php on line 81
[19-Sep-2025 17:14:59 UTC] PHP Warning:  Undefined array key 1 in /Users/woyz/Desktop/Kunkunshop/wp-content/themes/Kunshop/inc/api.php on line 81
[19-Sep-2025 17:15:01 UTC] PHP Warning:  Undefined array key 1 in /Users/woyz/Desktop/Kunkunshop/wp-content/themes/Kunshop/inc/api.php on line 81
[19-Sep-2025 17:15:32 UTC] PHP Warning:  Undefined array key 1 in /Users/woyz/Desktop/Kunkunshop/wp-content/themes/Kunshop/inc/api.php on line 81
[19-Sep-2025 17:15:43 UTC] PHP Warning:  Undefined array key 1 in /Users/woyz/Desktop/Kunkunshop/wp-content/themes/Kunshop/inc/api.php on line 81
[19-Sep-2025 17:16:36 UTC] PHP Warning:  Undefined array key 1 in /Users/woyz/Desktop/Kunkunshop/wp-content/themes/Kunshop/inc/api.php on line 81
[19-Sep-2025 17:17:05 UTC] PHP Warning:  Undefined array key 1 in /Users/woyz/Desktop/Kunkunshop/wp-content/themes/Kunshop/inc/api.php on line 81
[19-Sep-2025 17:17:07 UTC] PHP Warning:  Undefined array key 1 in /Users/woyz/Desktop/Kunkunshop/wp-content/themes/Kunshop/inc/api.php on line 81
[19-Sep-2025 17:19:42 UTC] PHP Warning:  Undefined array key 1 in /Users/woyz/Desktop/Kunkunshop/wp-content/themes/Kunshop/inc/api.php on line 81
[19-Sep-2025 17:19:47 UTC] PHP Warning:  Undefined array key 1 in /Users/woyz/Desktop/Kunkunshop/wp-content/themes/Kunshop/inc/api.php on line 81
[19-Sep-2025 17:19:49 UTC] PHP Warning:  Undefined array key 1 in /Users/woyz/Desktop/Kunkunshop/wp-content/themes/Kunshop/inc/api.php on line 81
[19-Sep-2025 17:20:37 UTC] PHP Warning:  Undefined array key 1 in /Users/woyz/Desktop/Kunkunshop/wp-content/themes/Kunshop/inc/api.php on line 81
[19-Sep-2025 17:20:49 UTC] PHP Warning:  Undefined array key 1 in /Users/woyz/Desktop/Kunkunshop/wp-content/themes/Kunshop/inc/api.php on line 81
[19-Sep-2025 17:22:20 UTC] PHP Warning:  Undefined array key 1 in /Users/woyz/Desktop/Kunkunshop/wp-content/themes/Kunshop/inc/api.php on line 81
[19-Sep-2025 17:23:08 UTC] PHP Warning:  Undefined array key 1 in /Users/woyz/Desktop/Kunkunshop/wp-content/themes/Kunshop/inc/api.php on line 81
[19-Sep-2025 17:23:10 UTC] PHP Warning:  Undefined array key 1 in /Users/woyz/Desktop/Kunkunshop/wp-content/themes/Kunshop/inc/api.php on line 81
[19-Sep-2025 17:23:12 UTC] PHP Warning:  Undefined array key 1 in /Users/woyz/Desktop/Kunkunshop/wp-content/themes/Kunshop/inc/api.php on line 81
[19-Sep-2025 17:23:17 UTC] PHP Warning:  Undefined array key 1 in /Users/woyz/Desktop/Kunkunshop/wp-content/themes/Kunshop/inc/api.php on line 81
[19-Sep-2025 17:23:19 UTC] PHP Warning:  Undefined array key 1 in /Users/woyz/Desktop/Kunkunshop/wp-content/themes/Kunshop/inc/api.php on line 81
[19-Sep-2025 17:23:33 UTC] PHP Warning:  Undefined array key 1 in /Users/woyz/Desktop/Kunkunshop/wp-content/themes/Kunshop/inc/api.php on line 81
[19-Sep-2025 17:23:37 UTC] PHP Warning:  Undefined array key 1 in /Users/woyz/Desktop/Kunkunshop/wp-content/themes/Kunshop/inc/api.php on line 81
[19-Sep-2025 17:23:56 UTC] PHP Warning:  Undefined array key 1 in /Users/woyz/Desktop/Kunkunshop/wp-content/themes/Kunshop/inc/api.php on line 81
[19-Sep-2025 17:24:59 UTC] PHP Warning:  Undefined array key 1 in /Users/woyz/Desktop/Kunkunshop/wp-content/themes/Kunshop/inc/api.php on line 81
[19-Sep-2025 17:25:05 UTC] PHP Warning:  Undefined array key 1 in /Users/woyz/Desktop/Kunkunshop/wp-content/themes/Kunshop/inc/api.php on line 81
[19-Sep-2025 17:25:37 UTC] PHP Warning:  Undefined array key 1 in /Users/woyz/Desktop/Kunkunshop/wp-content/themes/Kunshop/inc/api.php on line 81
[19-Sep-2025 17:25:39 UTC] PHP Warning:  Undefined array key 1 in /Users/woyz/Desktop/Kunkunshop/wp-content/themes/Kunshop/inc/api.php on line 81
[19-Sep-2025 17:25:41 UTC] PHP Warning:  Undefined array key 1 in /Users/woyz/Desktop/Kunkunshop/wp-content/themes/Kunshop/inc/api.php on line 81
[19-Sep-2025 17:25:42 UTC] PHP Warning:  Undefined array key 1 in /Users/woyz/Desktop/Kunkunshop/wp-content/themes/Kunshop/inc/api.php on line 81
[19-Sep-2025 17:25:43 UTC] PHP Warning:  Undefined array key 1 in /Users/woyz/Desktop/Kunkunshop/wp-content/themes/Kunshop/inc/api.php on line 81
[19-Sep-2025 17:25:43 UTC] PHP Warning:  Undefined array key 1 in /Users/woyz/Desktop/Kunkunshop/wp-content/themes/Kunshop/inc/api.php on line 81
[19-Sep-2025 17:25:44 UTC] PHP Warning:  Undefined array key 1 in /Users/woyz/Desktop/Kunkunshop/wp-content/themes/Kunshop/inc/api.php on line 81
[19-Sep-2025 17:25:44 UTC] PHP Warning:  Undefined array key 1 in /Users/woyz/Desktop/Kunkunshop/wp-content/themes/Kunshop/inc/api.php on line 81
[19-Sep-2025 17:25:44 UTC] PHP Warning:  Undefined array key 1 in /Users/woyz/Desktop/Kunkunshop/wp-content/themes/Kunshop/inc/api.php on line 81
[19-Sep-2025 17:25:45 UTC] PHP Warning:  Undefined array key 1 in /Users/woyz/Desktop/Kunkunshop/wp-content/themes/Kunshop/inc/api.php on line 81
[19-Sep-2025 17:25:48 UTC] PHP Warning:  Undefined array key 1 in /Users/woyz/Desktop/Kunkunshop/wp-content/themes/Kunshop/inc/api.php on line 81
[19-Sep-2025 17:25:53 UTC] PHP Warning:  Undefined array key 1 in /Users/woyz/Desktop/Kunkunshop/wp-content/themes/Kunshop/inc/api.php on line 81
[19-Sep-2025 17:25:54 UTC] PHP Warning:  Undefined array key 1 in /Users/woyz/Desktop/Kunkunshop/wp-content/themes/Kunshop/inc/api.php on line 81
[19-Sep-2025 17:25:57 UTC] PHP Warning:  Undefined array key 1 in /Users/woyz/Desktop/Kunkunshop/wp-content/themes/Kunshop/inc/api.php on line 81
[19-Sep-2025 17:26:08 UTC] PHP Warning:  Undefined array key 1 in /Users/woyz/Desktop/Kunkunshop/wp-content/themes/Kunshop/inc/api.php on line 81
[19-Sep-2025 17:26:10 UTC] PHP Warning:  Undefined array key 1 in /Users/woyz/Desktop/Kunkunshop/wp-content/themes/Kunshop/inc/api.php on line 81
[19-Sep-2025 17:26:16 UTC] PHP Warning:  Undefined array key 1 in /Users/woyz/Desktop/Kunkunshop/wp-content/themes/Kunshop/inc/api.php on line 81
[19-Sep-2025 17:26:18 UTC] PHP Warning:  Undefined array key 1 in /Users/woyz/Desktop/Kunkunshop/wp-content/themes/Kunshop/inc/api.php on line 81
[19-Sep-2025 17:26:25 UTC] PHP Warning:  Undefined array key 1 in /Users/woyz/Desktop/Kunkunshop/wp-content/themes/Kunshop/inc/api.php on line 81
[19-Sep-2025 17:27:07 UTC] PHP Warning:  Undefined array key 1 in /Users/woyz/Desktop/Kunkunshop/wp-content/themes/Kunshop/inc/api.php on line 81
[19-Sep-2025 17:27:16 UTC] PHP Warning:  Undefined array key 1 in /Users/woyz/Desktop/Kunkunshop/wp-content/themes/Kunshop/inc/api.php on line 81
[19-Sep-2025 17:28:35 UTC] PHP Warning:  Undefined array key 1 in /Users/woyz/Desktop/Kunkunshop/wp-content/themes/Kunshop/inc/api.php on line 81
[19-Sep-2025 17:28:40 UTC] PHP Warning:  Undefined array key 1 in /Users/woyz/Desktop/Kunkunshop/wp-content/themes/Kunshop/inc/api.php on line 81
[19-Sep-2025 17:28:44 UTC] PHP Warning:  Undefined array key 1 in /Users/woyz/Desktop/Kunkunshop/wp-content/themes/Kunshop/inc/api.php on line 81
[19-Sep-2025 17:28:48 UTC] PHP Warning:  Undefined array key 1 in /Users/woyz/Desktop/Kunkunshop/wp-content/themes/Kunshop/inc/api.php on line 81
[19-Sep-2025 17:29:22 UTC] PHP Warning:  Undefined array key 1 in /Users/woyz/Desktop/Kunkunshop/wp-content/themes/Kunshop/inc/api.php on line 81
[19-Sep-2025 17:29:53 UTC] PHP Warning:  Undefined array key 1 in /Users/woyz/Desktop/Kunkunshop/wp-content/themes/Kunshop/inc/api.php on line 81
[19-Sep-2025 17:29:57 UTC] PHP Warning:  Undefined array key 1 in /Users/woyz/Desktop/Kunkunshop/wp-content/themes/Kunshop/inc/api.php on line 81
[19-Sep-2025 17:30:14 UTC] PHP Warning:  Undefined array key 1 in /Users/woyz/Desktop/Kunkunshop/wp-content/themes/Kunshop/inc/api.php on line 81
[19-Sep-2025 17:30:20 UTC] PHP Warning:  Undefined array key 1 in /Users/woyz/Desktop/Kunkunshop/wp-content/themes/Kunshop/inc/api.php on line 81
[19-Sep-2025 17:30:23 UTC] PHP Warning:  Undefined array key 1 in /Users/woyz/Desktop/Kunkunshop/wp-content/themes/Kunshop/inc/api.php on line 81
[19-Sep-2025 17:30:29 UTC] PHP Warning:  Undefined array key 1 in /Users/woyz/Desktop/Kunkunshop/wp-content/themes/Kunshop/inc/api.php on line 81
[19-Sep-2025 17:30:33 UTC] PHP Warning:  Undefined array key 1 in /Users/woyz/Desktop/Kunkunshop/wp-content/themes/Kunshop/inc/api.php on line 81
[19-Sep-2025 17:31:25 UTC] PHP Warning:  Undefined array key 1 in /Users/woyz/Desktop/Kunkunshop/wp-content/themes/Kunshop/inc/api.php on line 81
[19-Sep-2025 17:31:30 UTC] PHP Warning:  Undefined array key 1 in /Users/woyz/Desktop/Kunkunshop/wp-content/themes/Kunshop/inc/api.php on line 81
[19-Sep-2025 17:31:35 UTC] PHP Warning:  Undefined array key 1 in /Users/woyz/Desktop/Kunkunshop/wp-content/themes/Kunshop/inc/api.php on line 81
[19-Sep-2025 17:32:24 UTC] PHP Warning:  Undefined array key 1 in /Users/woyz/Desktop/Kunkunshop/wp-content/themes/Kunshop/inc/api.php on line 81
[19-Sep-2025 17:32:56 UTC] PHP Warning:  Uninitialized string offset 0 in /Users/woyz/Desktop/Kunkunshop/wp-content/themes/Kunshop/inc/api.php on line 79
[19-Sep-2025 17:32:56 UTC] PHP Warning:  Undefined array key 1 in /Users/woyz/Desktop/Kunkunshop/wp-content/themes/Kunshop/inc/api.php on line 81
[19-Sep-2025 17:33:02 UTC] PHP Warning:  Undefined array key 1 in /Users/woyz/Desktop/Kunkunshop/wp-content/themes/Kunshop/inc/api.php on line 81
[19-Sep-2025 17:33:13 UTC] PHP Warning:  Undefined array key 1 in /Users/woyz/Desktop/Kunkunshop/wp-content/themes/Kunshop/inc/api.php on line 81
[19-Sep-2025 17:33:50 UTC] PHP Warning:  Undefined array key 1 in /Users/woyz/Desktop/Kunkunshop/wp-content/themes/Kunshop/inc/api.php on line 81
[19-Sep-2025 17:33:52 UTC] PHP Warning:  Undefined array key 1 in /Users/woyz/Desktop/Kunkunshop/wp-content/themes/Kunshop/inc/api.php on line 81
[19-Sep-2025 17:33:57 UTC] PHP Warning:  Undefined array key 1 in /Users/woyz/Desktop/Kunkunshop/wp-content/themes/Kunshop/inc/api.php on line 81
[19-Sep-2025 17:34:05 UTC] PHP Warning:  Undefined array key 1 in /Users/woyz/Desktop/Kunkunshop/wp-content/themes/Kunshop/inc/api.php on line 81
[19-Sep-2025 17:34:06 UTC] PHP Warning:  Undefined array key 1 in /Users/woyz/Desktop/Kunkunshop/wp-content/themes/Kunshop/inc/api.php on line 81
[19-Sep-2025 17:34:07 UTC] PHP Warning:  Undefined array key 1 in /Users/woyz/Desktop/Kunkunshop/wp-content/themes/Kunshop/inc/api.php on line 81
[19-Sep-2025 17:34:13 UTC] PHP Warning:  Undefined array key 1 in /Users/woyz/Desktop/Kunkunshop/wp-content/themes/Kunshop/inc/api.php on line 81
[19-Sep-2025 17:34:17 UTC] PHP Warning:  Undefined array key 1 in /Users/woyz/Desktop/Kunkunshop/wp-content/themes/Kunshop/inc/api.php on line 81
[19-Sep-2025 17:34:19 UTC] PHP Warning:  Undefined array key 1 in /Users/woyz/Desktop/Kunkunshop/wp-content/themes/Kunshop/inc/api.php on line 81
[19-Sep-2025 17:34:26 UTC] PHP Warning:  Undefined array key 1 in /Users/woyz/Desktop/Kunkunshop/wp-content/themes/Kunshop/inc/api.php on line 81
[19-Sep-2025 17:34:27 UTC] PHP Warning:  Undefined array key 1 in /Users/woyz/Desktop/Kunkunshop/wp-content/themes/Kunshop/inc/api.php on line 81
[19-Sep-2025 17:34:29 UTC] PHP Warning:  Undefined array key 1 in /Users/woyz/Desktop/Kunkunshop/wp-content/themes/Kunshop/inc/api.php on line 81
[19-Sep-2025 17:34:35 UTC] PHP Warning:  Undefined array key 1 in /Users/woyz/Desktop/Kunkunshop/wp-content/themes/Kunshop/inc/api.php on line 81
[19-Sep-2025 17:34:44 UTC] PHP Warning:  Undefined array key 1 in /Users/woyz/Desktop/Kunkunshop/wp-content/themes/Kunshop/inc/api.php on line 81
[19-Sep-2025 17:34:46 UTC] PHP Warning:  Undefined array key 1 in /Users/woyz/Desktop/Kunkunshop/wp-content/themes/Kunshop/inc/api.php on line 81
[19-Sep-2025 17:34:52 UTC] PHP Warning:  Undefined array key 1 in /Users/woyz/Desktop/Kunkunshop/wp-content/themes/Kunshop/inc/api.php on line 81
[19-Sep-2025 17:36:01 UTC] PHP Warning:  Undefined array key 1 in /Users/woyz/Desktop/Kunkunshop/wp-content/themes/Kunshop/inc/api.php on line 81
[19-Sep-2025 17:36:08 UTC] PHP Warning:  Undefined array key 1 in /Users/woyz/Desktop/Kunkunshop/wp-content/themes/Kunshop/inc/api.php on line 81
[19-Sep-2025 17:36:13 UTC] PHP Warning:  Undefined array key 1 in /Users/woyz/Desktop/Kunkunshop/wp-content/themes/Kunshop/inc/api.php on line 81
[19-Sep-2025 17:36:15 UTC] PHP Warning:  Undefined array key 1 in /Users/woyz/Desktop/Kunkunshop/wp-content/themes/Kunshop/inc/api.php on line 81
[19-Sep-2025 17:36:20 UTC] PHP Warning:  Undefined array key 1 in /Users/woyz/Desktop/Kunkunshop/wp-content/themes/Kunshop/inc/api.php on line 81
[19-Sep-2025 17:36:26 UTC] PHP Warning:  Undefined array key 1 in /Users/woyz/Desktop/Kunkunshop/wp-content/themes/Kunshop/inc/api.php on line 81
[19-Sep-2025 17:41:24 UTC] PHP Warning:  Undefined array key 1 in /Users/woyz/Desktop/Kunkunshop/wp-content/themes/Kunshop/inc/api.php on line 81
[19-Sep-2025 17:41:30 UTC] PHP Warning:  Undefined array key 1 in /Users/woyz/Desktop/Kunkunshop/wp-content/themes/Kunshop/inc/api.php on line 81
[19-Sep-2025 17:42:14 UTC] PHP Warning:  Undefined array key 1 in /Users/woyz/Desktop/Kunkunshop/wp-content/themes/Kunshop/inc/api.php on line 81
[20-Sep-2025 04:25:07 UTC] PHP Warning:  wp_version_check(): An unexpected error occurred. Something may be wrong with WordPress.org or this server&#8217;s configuration. If you continue to have problems, please try the <a href="https://wordpress.org/support/forums/">support forums</a>. (WordPress could not establish a secure connection to WordPress.org. Please contact your server administrator.) in /Users/woyz/Desktop/Kunkunshop/wp-includes/functions.php on line 6121
[20-Sep-2025 04:25:08 UTC] Automatic updates starting...
[20-Sep-2025 04:25:10 UTC] Automatic updates complete.
[20-Sep-2025 08:03:18 UTC] PHP Fatal error:  Uncaught ValueError: Path cannot be empty in /Users/woyz/Desktop/Kunkunshop/wp-content/themes/Kunshop/template-parts/archive/content-sanpham.php:26
Stack trace:
#0 /Users/woyz/Desktop/Kunkunshop/wp-includes/template.php(812): require()
#1 /Users/woyz/Desktop/Kunkunshop/wp-includes/template.php(745): load_template('/Users/woyz/Des...', false, Array)
#2 /Users/woyz/Desktop/Kunkunshop/wp-includes/general-template.php(206): locate_template(Array, true, false, Array)
#3 /Users/woyz/Desktop/Kunkunshop/wp-content/themes/Kunshop/archive.php(14): get_template_part('template-parts/...', 'sanpham')
#4 /Users/woyz/Desktop/Kunkunshop/wp-includes/template-loader.php(106): include('/Users/woyz/Des...')
#5 /Users/woyz/Desktop/Kunkunshop/wp-blog-header.php(19): require_once('/Users/woyz/Des...')
#6 /Users/woyz/Desktop/Kunkunshop/index.php(17): require('/Users/woyz/Des...')
#7 {main}
  thrown in /Users/woyz/Desktop/Kunkunshop/wp-content/themes/Kunshop/template-parts/archive/content-sanpham.php on line 26
[20-Sep-2025 10:06:44 UTC] PHP Parse error:  syntax error, unexpected identifier "SHOP" in /Users/woyz/Desktop/Kunkunshop/wp-content/themes/Kunshop/front-page.php on line 31
[20-Sep-2025 15:31:56 UTC] PHP Fatal error:  Uncaught ValueError: Path cannot be empty in /Users/woyz/Desktop/Kunkunshop/wp-content/themes/Kunshop/template-parts/archive/content-sanpham.php:27
Stack trace:
#0 /Users/woyz/Desktop/Kunkunshop/wp-includes/template.php(812): require()
#1 /Users/woyz/Desktop/Kunkunshop/wp-includes/template.php(745): load_template('/Users/woyz/Des...', false, Array)
#2 /Users/woyz/Desktop/Kunkunshop/wp-includes/general-template.php(206): locate_template(Array, true, false, Array)
#3 /Users/woyz/Desktop/Kunkunshop/wp-content/themes/Kunshop/archive.php(14): get_template_part('template-parts/...', 'sanpham')
#4 /Users/woyz/Desktop/Kunkunshop/wp-includes/template-loader.php(106): include('/Users/woyz/Des...')
#5 /Users/woyz/Desktop/Kunkunshop/wp-blog-header.php(19): require_once('/Users/woyz/Des...')
#6 /Users/woyz/Desktop/Kunkunshop/index.php(17): require('/Users/woyz/Des...')
#7 {main}
  thrown in /Users/woyz/Desktop/Kunkunshop/wp-content/themes/Kunshop/template-parts/archive/content-sanpham.php on line 27
[20-Sep-2025 16:23:51 UTC] PHP Warning:  wp_version_check(): An unexpected error occurred. Something may be wrong with WordPress.org or this server&#8217;s configuration. If you continue to have problems, please try the <a href="https://wordpress.org/support/forums/">support forums</a>. (WordPress could not establish a secure connection to WordPress.org. Please contact your server administrator.) in /Users/woyz/Desktop/Kunkunshop/wp-includes/functions.php on line 6121
[20-Sep-2025 16:23:51 UTC] Automatic updates starting...
[20-Sep-2025 16:23:54 UTC] Automatic updates complete.
